<?xml version="1.0" encoding="UTF-8"?>
<testsuites>
  <testsuite name="Album_test" file="C:\wamp64\www\fbut\application\tests\controllers\Album_test.php" tests="6" assertions="6" failures="0" errors="0" time="0.056411">
    <testcase name="test_set_session" class="Album_test" file="C:\wamp64\www\fbut\application\tests\controllers\Album_test.php" line="8" assertions="1" time="0.015091"/>
    <testcase name="test_get_session" class="Album_test" file="C:\wamp64\www\fbut\application\tests\controllers\Album_test.php" line="14" assertions="1" time="0.008782"/>
    <testcase name="test_delete_session" class="Album_test" file="C:\wamp64\www\fbut\application\tests\controllers\Album_test.php" line="20" assertions="1" time="0.011034"/>
    <testcase name="test_download_album_list" class="Album_test" file="C:\wamp64\www\fbut\application\tests\controllers\Album_test.php" line="25" assertions="1" time="0.009972"/>
    <testcase name="test_method_404" class="Album_test" file="C:\wamp64\www\fbut\application\tests\controllers\Album_test.php" line="35" assertions="1" time="0.009677"/>
    <testcase name="test_APPPATH" class="Album_test" file="C:\wamp64\www\fbut\application\tests\controllers\Album_test.php" line="42" assertions="1" time="0.001855"/>
  </testsuite>
</testsuites>
